<?xml version="1.0" encoding="utf-8"?><testsuites name="pytest tests"><testsuite name="pytest" errors="0" failures="0" skipped="0" tests="8" time="1.258" timestamp="2026-09-18T15:24:39.449216+00:00" hostname="agent-env-b7e10259-bdee-4953-ac27-97d2fe45992f"><testcase classname="tests.test_portfolio_api.TestPortfolio" name="test_get_portfolio_200" time="0.447" /><testcase classname="tests.test_portfolio_api.TestContact" name="test_contact_invalid_422" time="0.333" /><testcase classname="tests.test_portfolio_api.TestContact" name="test_contact_create_and_list" time="0.180" /><testcase classname="tests.test_portfolio_api.TestPortfolio" name="test_portfolio_shape" time="0.073" /><testcase classname="tests.test_portfolio_api.TestEvents" name="test_track_event" time="0.071" /><testcase classname="tests.test_portfolio_api.TestPortfolio" name="test_no_vin_chat_anywhere" time="0.083" /><testcase classname="tests.test_portfolio_api.TestEvents" name="test_stats" time="0.135" /><testcase classname="tests.test_portfolio_api.TestStatic" name="test_resume_pdf_reachable" time="0.108" /></testsuite></testsuites>