<?xml version="1.0" encoding="utf-8"?><testsuites name="pytest tests"><testsuite name="pytest" errors="0" failures="0" skipped="0" tests="8" time="1.207" timestamp="2026-09-18T16:27:31.575753+00:00" hostname="agent-env-b7e10259-bdee-4953-ac27-97d2fe45992f"><testcase classname="tests.test_portfolio_api.TestPortfolio" name="test_get_portfolio_200" time="0.303" /><testcase classname="tests.test_portfolio_api.TestContact" name="test_contact_invalid_422" time="0.330" /><testcase classname="tests.test_portfolio_api.TestPortfolio" name="test_portfolio_shape" time="0.109" /><testcase classname="tests.test_portfolio_api.TestContact" name="test_contact_create_and_list" time="0.217" /><testcase classname="tests.test_portfolio_api.TestPortfolio" name="test_no_vin_chat_anywhere" time="0.099" /><testcase classname="tests.test_portfolio_api.TestStatic" name="test_resume_pdf_reachable" time="0.162" /><testcase classname="tests.test_portfolio_api.TestEvents" name="test_track_event" time="0.086" /><testcase classname="tests.test_portfolio_api.TestEvents" name="test_stats" time="0.083" /></testsuite></testsuites>